<?xml version="1.0" encoding="UTF-8"?>
<testsuite name="RectangleTest" tests="4" skipped="0" failures="0" errors="0" timestamp="2021-03-28T11:00:16" hostname="DESKTOP-EDLROQB" time="0.027">
  <properties/>
  <testcase name="TestiflengthSidesOfrectangearezer0()" classname="RectangleTest" time="0.021"/>
  <testcase name="TestifBothSidesOfrectangearezero()" classname="RectangleTest" time="0.001"/>
  <testcase name="Givenlength_10AndBreadth_10ThenPerimeteris40()" classname="RectangleTest" time="0.001"/>
  <testcase name="getareaofrectangle()" classname="RectangleTest" time="0.001"/>
  <system-out><![CDATA[]]></system-out>
  <system-err><![CDATA[]]></system-err>
</testsuite>
